<?xml version="1.0" encoding="UTF-8"?>
<testsuite xmlns:xsi="http://www.w3.org/2001/XMLSchema-instance" xsi:noNamespaceSchemaLocation="https://maven.apache.org/surefire/maven-surefire-plugin/xsd/surefire-test-report.xsd" name="TestSuite" time="404.351" tests="12" errors="0" skipped="0" failures="3">
  <properties>
[...]
</properties>
  <testcase name="feature" classname="upskill.runners.RunnerClass" time="9.556"/>
  <testcase name="feature" classname="upskill.runners.RunnerClass" time="39.392"/>
  <testcase name="feature" classname="upskill.runners.RunnerClass" time="9.336">
    <failure message="org.openqa.selenium.NoSuchElementException: no such element: Unable to locate element: {&quot;method&quot;:&quot;xpath&quot;,&quot;selector&quot;:&quot;//span[contains(text(),&apos;Big &amp; Tall Cotton Tee. Sizes 4 XLT to 8XLT. With &amp; without pockets. MADE IN USA&apos;)]&quot;}&#10;  (Session info: chrome=107.0.5304.107)&#10;For documentation on this error, please visit: http://seleniumhq.org/exceptions/no_such_element.html&#10;Build info: version: &apos;3.12.0&apos;, revision: &apos;7c6e0b3&apos;, time: &apos;2018-05-08T14:04:26.12Z&apos;&#10;System info: host: &apos;LENOVO-PC&apos;, ip: &apos;192.168.1.185&apos;, os.name: &apos;Windows 10&apos;, os.arch: &apos;amd64&apos;, os.version: &apos;10.0&apos;, java.version: &apos;1.8.0_101&apos;&#10;Driver info: org.openqa.selenium.chrome.ChromeDriver&#10;Capabilities {acceptInsecureCerts: false, browserName: chrome, browserVersion: 107.0.5304.107, chrome: {chromedriverVersion: 107.0.5304.62 (1eec40d3a576..., userDataDir: C:\Users\limon\AppData\Loca...}, goog:chromeOptions: {debuggerAddress: localhost:64766}, javascriptEnabled: true, networkConnectionEnabled: false, pageLoadStrategy: normal, platform: WINDOWS, platformName: WINDOWS, proxy: Proxy(), setWindowRect: true, strictFileInteractability: false, timeouts: {implicit: 0, pageLoad: 300000, script: 30000}, unhandledPromptBehavior: dismiss and notify, webauthn:extension:credBlob: true, webauthn:extension:largeBlob: true, webauthn:virtualAuthenticators: true}&#10;Session ID: cbb1019aaae1eedda679b5fd2bdd6958&#10;*** Element info: {Using=xpath, value=//span[contains(text(),&apos;Big &amp; Tall Cotton Tee. Sizes 4 XLT to 8XLT. With &amp; without pockets. MADE IN USA&apos;)]}" type="cucumber.runtime.CucumberException"><![CDATA[cucumber.runtime.CucumberException: 
org.openqa.selenium.NoSuchElementException: no such element: Unable to locate element: {"method":"xpath","selector":"//span[contains(text(),'Big & Tall Cotton Tee. Sizes 4 XLT to 8XLT. With & without pockets. MADE IN USA')]"}
  (Session info: chrome=107.0.5304.107)
For documentation on this error, please visit: http://seleniumhq.org/exceptions/no_such_element.html
Build info: version: '3.12.0', revision: '7c6e0b3', time: '2018-05-08T14:04:26.12Z'
System info: host: 'LENOVO-PC', ip: '192.168.1.185', os.name: 'Windows 10', os.arch: 'amd64', os.version: '10.0', java.version: '1.8.0_101'
Driver info: org.openqa.selenium.chrome.ChromeDriver
Capabilities {acceptInsecureCerts: false, browserName: chrome, browserVersion: 107.0.5304.107, chrome: {chromedriverVersion: 107.0.5304.62 (1eec40d3a576..., userDataDir: C:\Users\limon\AppData\Loca...}, goog:chromeOptions: {debuggerAddress: localhost:64766}, javascriptEnabled: true, networkConnectionEnabled: false, pageLoadStrategy: normal, platform: WINDOWS, platformName: WINDOWS, proxy: Proxy(), setWindowRect: true, strictFileInteractability: false, timeouts: {implicit: 0, pageLoad: 300000, script: 30000}, unhandledPromptBehavior: dismiss and notify, webauthn:extension:credBlob: true, webauthn:extension:largeBlob: true, webauthn:virtualAuthenticators: true}
Session ID: cbb1019aaae1eedda679b5fd2bdd6958
*** Element info: {Using=xpath, value=//span[contains(text(),'Big & Tall Cotton Tee. Sizes 4 XLT to 8XLT. With & without pockets. MADE IN USA')]}
Caused by: org.openqa.selenium.NoSuchElementException: 
no such element: Unable to locate element: {"method":"xpath","selector":"//span[contains(text(),'Big & Tall Cotton Tee. Sizes 4 XLT to 8XLT. With & without pockets. MADE IN USA')]"}
  (Session info: chrome=107.0.5304.107)
For documentation on this error, please visit: http://seleniumhq.org/exceptions/no_such_element.html
Build info: version: '3.12.0', revision: '7c6e0b3', time: '2018-05-08T14:04:26.12Z'
System info: host: 'LENOVO-PC', ip: '192.168.1.185', os.name: 'Windows 10', os.arch: 'amd64', os.version: '10.0', java.version: '1.8.0_101'
Driver info: org.openqa.selenium.chrome.ChromeDriver
Capabilities {acceptInsecureCerts: false, browserName: chrome, browserVersion: 107.0.5304.107, chrome: {chromedriverVersion: 107.0.5304.62 (1eec40d3a576..., userDataDir: C:\Users\limon\AppData\Loca...}, goog:chromeOptions: {debuggerAddress: localhost:64766}, javascriptEnabled: true, networkConnectionEnabled: false, pageLoadStrategy: normal, platform: WINDOWS, platformName: WINDOWS, proxy: Proxy(), setWindowRect: true, strictFileInteractability: false, timeouts: {implicit: 0, pageLoad: 300000, script: 30000}, unhandledPromptBehavior: dismiss and notify, webauthn:extension:credBlob: true, webauthn:extension:largeBlob: true, webauthn:virtualAuthenticators: true}
Session ID: cbb1019aaae1eedda679b5fd2bdd6958
*** Element info: {Using=xpath, value=//span[contains(text(),'Big & Tall Cotton Tee. Sizes 4 XLT to 8XLT. With & without pockets. MADE IN USA')]}
]]></failure>
    <system-out><![CDATA[@regression @smoke @us-246
Feature: Ebay Cart Functionality
  
  Description: User should able to add items in cart
--->>>> Initializing Driver....
Test Scenario Name : Ebay cart functionality

  Background:                # EbayCartDropDown.feature:6
    Given Open Ebay Homepage # EbayHomePageSteps.open_Ebay_Homepage()
 ------Test Complete, Browser Closed 

  Scenario: Ebay cart functionality          # EbayCartDropDown.feature:9
    Given Search for Shirt                   # EbayHomePageSteps.search_for_Shirt()
    When Select the first shirt on item list # EbaySearchResultSteps.select_the_first_shirt_on_item_list()
      org.openqa.selenium.NoSuchElementException: no such element: Unable to locate element: {"method":"xpath","selector":"//span[contains(text(),'Big & Tall Cotton Tee. Sizes 4 XLT to 8XLT. With & without pockets. MADE IN USA')]"}
        (Session info: chrome=107.0.5304.107)
      For documentation on this error, please visit: http://seleniumhq.org/exceptions/no_such_element.html
      Build info: version: '3.12.0', revision: '7c6e0b3', time: '2018-05-08T14:04:26.12Z'
      System info: host: 'LENOVO-PC', ip: '192.168.1.185', os.name: 'Windows 10', os.arch: 'amd64', os.version: '10.0', java.version: '1.8.0_101'
      Driver info: org.openqa.selenium.chrome.ChromeDriver
      Capabilities {acceptInsecureCerts: false, browserName: chrome, browserVersion: 107.0.5304.107, chrome: {chromedriverVersion: 107.0.5304.62 (1eec40d3a576..., userDataDir: C:\Users\limon\AppData\Loca...}, goog:chromeOptions: {debuggerAddress: localhost:64766}, javascriptEnabled: true, networkConnectionEnabled: false, pageLoadStrategy: normal, platform: WINDOWS, platformName: WINDOWS, proxy: Proxy(), setWindowRect: true, strictFileInteractability: false, timeouts: {implicit: 0, pageLoad: 300000, script: 30000}, unhandledPromptBehavior: dismiss and notify, webauthn:extension:credBlob: true, webauthn:extension:largeBlob: true, webauthn:virtualAuthenticators: true}
      Session ID: cbb1019aaae1eedda679b5fd2bdd6958
      *** Element info: {Using=xpath, value=//span[contains(text(),'Big & Tall Cotton Tee. Sizes 4 XLT to 8XLT. With & without pockets. MADE IN USA')]}
      	at sun.reflect.NativeConstructorAccessorImpl.newInstance0(Native Method)
      	at sun.reflect.NativeConstructorAccessorImpl.newInstance(NativeConstructorAccessorImpl.java:62)
      	at sun.reflect.DelegatingConstructorAccessorImpl.newInstance(DelegatingConstructorAccessorImpl.java:45)
      	at java.lang.reflect.Constructor.newInstance(Constructor.java:423)
      	at org.openqa.selenium.remote.http.W3CHttpResponseCodec.createException(W3CHttpResponseCodec.java:187)
      	at org.openqa.selenium.remote.http.W3CHttpResponseCodec.decode(W3CHttpResponseCodec.java:122)
      	at org.openqa.selenium.remote.http.W3CHttpResponseCodec.decode(W3CHttpResponseCodec.java:49)
      	at org.openqa.selenium.remote.HttpCommandExecutor.execute(HttpCommandExecutor.java:158)
      	at org.openqa.selenium.remote.service.DriverCommandExecutor.execute(DriverCommandExecutor.java:83)
      	at org.openqa.selenium.remote.RemoteWebDriver.execute(RemoteWebDriver.java:543)
      	at org.openqa.selenium.remote.RemoteWebDriver.findElement(RemoteWebDriver.java:317)
      	at org.openqa.selenium.remote.RemoteWebDriver.findElementByXPath(RemoteWebDriver.java:419)
      	at org.openqa.selenium.By$ByXPath.findElement(By.java:353)
      	at org.openqa.selenium.remote.RemoteWebDriver.findElement(RemoteWebDriver.java:309)
      	at org.openqa.selenium.support.pagefactory.DefaultElementLocator.findElement(DefaultElementLocator.java:69)
      	at org.openqa.selenium.support.pagefactory.internal.LocatingElementHandler.invoke(LocatingElementHandler.java:38)
      	at com.sun.proxy.$Proxy18.click(Unknown Source)
      	at upskill.ebay.pageAction.EbaySearchResultActions.selectBigTallTee(EbaySearchResultActions.java:104)
      	at upskill.ebay.stepDef.EbaySearchResultSteps.select_the_first_shirt_on_item_list(EbaySearchResultSteps.java:59)
      	at ?.When Select the first shirt on item list(EbayCartDropDown.feature:11)

    And Select Size                          # EbayCartDropDownSteps.select_Size()
    And Select Men Size                      # EbayCartDropDownSteps.select_Men_Size()
    And Select Shade                         # EbayCartDropDownSteps.select_Shade()
    And Select Quantity                      # EbayCartDropDownSteps.select_Quantity()
    Then Add to shopping cart                # EbayCartDropDownSteps.add_to_shopping_cart()
]]></system-out>
    <system-err><![CDATA[Starting ChromeDriver 107.0.5304.62 (1eec40d3a5764881c92085aaee66d25075c159aa-refs/branch-heads/5304@{#942}) on port 44301
Only local connections are allowed.
Please see https://chromedriver.chromium.org/security-considerations for suggestions on keeping ChromeDriver safe.
ChromeDriver was started successfully.
Nov 13, 2022 3:47:39 AM org.openqa.selenium.remote.ProtocolHandshake createSession
INFO: Detected dialect: W3C
[1668329266.240][SEVERE]: Unable to receive message from renderer
]]></system-err>
  </testcase>
  <testcase name="feature" classname="upskill.runners.RunnerClass" time="131.763"/>
  <testcase name="feature" classname="upskill.runners.RunnerClass" time="5.133">
    <failure message="org.openqa.selenium.NoSuchElementException: no such element: Unable to locate element: {&quot;method&quot;:&quot;xpath&quot;,&quot;selector&quot;:&quot;//option[contains(text(),&apos;Books3434&apos;)]&quot;}&#10;  (Session info: chrome=107.0.5304.107)&#10;For documentation on this error, please visit: http://seleniumhq.org/exceptions/no_such_element.html&#10;Build info: version: &apos;3.12.0&apos;, revision: &apos;7c6e0b3&apos;, time: &apos;2018-05-08T14:04:26.12Z&apos;&#10;System info: host: &apos;LENOVO-PC&apos;, ip: &apos;192.168.1.185&apos;, os.name: &apos;Windows 10&apos;, os.arch: &apos;amd64&apos;, os.version: &apos;10.0&apos;, java.version: &apos;1.8.0_101&apos;&#10;Driver info: org.openqa.selenium.chrome.ChromeDriver&#10;Capabilities {acceptInsecureCerts: false, browserName: chrome, browserVersion: 107.0.5304.107, chrome: {chromedriverVersion: 107.0.5304.62 (1eec40d3a576..., userDataDir: C:\Users\limon\AppData\Loca...}, goog:chromeOptions: {debuggerAddress: localhost:65159}, javascriptEnabled: true, networkConnectionEnabled: false, pageLoadStrategy: normal, platform: WINDOWS, platformName: WINDOWS, proxy: Proxy(), setWindowRect: true, strictFileInteractability: false, timeouts: {implicit: 0, pageLoad: 300000, script: 30000}, unhandledPromptBehavior: dismiss and notify, webauthn:extension:credBlob: true, webauthn:extension:largeBlob: true, webauthn:virtualAuthenticators: true}&#10;Session ID: a105cef922a87c0d2ffb7263a5e4346b&#10;*** Element info: {Using=xpath, value=//option[contains(text(),&apos;Books3434&apos;)]}" type="cucumber.runtime.CucumberException">cucumber.runtime.CucumberException: 
org.openqa.selenium.NoSuchElementException: no such element: Unable to locate element: {"method":"xpath","selector":"//option[contains(text(),'Books3434')]"}
  (Session info: chrome=107.0.5304.107)
For documentation on this error, please visit: http://seleniumhq.org/exceptions/no_such_element.html
Build info: version: '3.12.0', revision: '7c6e0b3', time: '2018-05-08T14:04:26.12Z'
System info: host: 'LENOVO-PC', ip: '192.168.1.185', os.name: 'Windows 10', os.arch: 'amd64', os.version: '10.0', java.version: '1.8.0_101'
Driver info: org.openqa.selenium.chrome.ChromeDriver
Capabilities {acceptInsecureCerts: false, browserName: chrome, browserVersion: 107.0.5304.107, chrome: {chromedriverVersion: 107.0.5304.62 (1eec40d3a576..., userDataDir: C:\Users\limon\AppData\Loca...}, goog:chromeOptions: {debuggerAddress: localhost:65159}, javascriptEnabled: true, networkConnectionEnabled: false, pageLoadStrategy: normal, platform: WINDOWS, platformName: WINDOWS, proxy: Proxy(), setWindowRect: true, strictFileInteractability: false, timeouts: {implicit: 0, pageLoad: 300000, script: 30000}, unhandledPromptBehavior: dismiss and notify, webauthn:extension:credBlob: true, webauthn:extension:largeBlob: true, webauthn:virtualAuthenticators: true}
Session ID: a105cef922a87c0d2ffb7263a5e4346b
*** Element info: {Using=xpath, value=//option[contains(text(),'Books3434')]}
Caused by: org.openqa.selenium.NoSuchElementException: 
no such element: Unable to locate element: {"method":"xpath","selector":"//option[contains(text(),'Books3434')]"}
  (Session info: chrome=107.0.5304.107)
For documentation on this error, please visit: http://seleniumhq.org/exceptions/no_such_element.html
Build info: version: '3.12.0', revision: '7c6e0b3', time: '2018-05-08T14:04:26.12Z'
System info: host: 'LENOVO-PC', ip: '192.168.1.185', os.name: 'Windows 10', os.arch: 'amd64', os.version: '10.0', java.version: '1.8.0_101'
Driver info: org.openqa.selenium.chrome.ChromeDriver
Capabilities {acceptInsecureCerts: false, browserName: chrome, browserVersion: 107.0.5304.107, chrome: {chromedriverVersion: 107.0.5304.62 (1eec40d3a576..., userDataDir: C:\Users\limon\AppData\Loca...}, goog:chromeOptions: {debuggerAddress: localhost:65159}, javascriptEnabled: true, networkConnectionEnabled: false, pageLoadStrategy: normal, platform: WINDOWS, platformName: WINDOWS, proxy: Proxy(), setWindowRect: true, strictFileInteractability: false, timeouts: {implicit: 0, pageLoad: 300000, script: 30000}, unhandledPromptBehavior: dismiss and notify, webauthn:extension:credBlob: true, webauthn:extension:largeBlob: true, webauthn:virtualAuthenticators: true}
Session ID: a105cef922a87c0d2ffb7263a5e4346b
*** Element info: {Using=xpath, value=//option[contains(text(),'Books3434')]}
</failure>
    <system-out><![CDATA[@regression @smoke @SKYW-15 @E2E
Feature: Ebay Search By Categories
--->>>> Initializing Driver....
Test Scenario Name : Search By Categories
 ------Test Complete, Browser Closed 

  Scenario: Search By Categories                      # EbaySearchByCategories.feature:4
    Given Open Ebay Homepage                          # EbayHomePageSteps.open_Ebay_Homepage()
    When Select All Categories                        # EbayHomePageSteps.select_All_Categories()
    And Select Books & Magazines from All Categories  # EbayHomePageSteps.select_Books_Magazines_from_All_Categories()
      org.openqa.selenium.NoSuchElementException: no such element: Unable to locate element: {"method":"xpath","selector":"//option[contains(text(),'Books3434')]"}
        (Session info: chrome=107.0.5304.107)
      For documentation on this error, please visit: http://seleniumhq.org/exceptions/no_such_element.html
      Build info: version: '3.12.0', revision: '7c6e0b3', time: '2018-05-08T14:04:26.12Z'
      System info: host: 'LENOVO-PC', ip: '192.168.1.185', os.name: 'Windows 10', os.arch: 'amd64', os.version: '10.0', java.version: '1.8.0_101'
      Driver info: org.openqa.selenium.chrome.ChromeDriver
      Capabilities {acceptInsecureCerts: false, browserName: chrome, browserVersion: 107.0.5304.107, chrome: {chromedriverVersion: 107.0.5304.62 (1eec40d3a576..., userDataDir: C:\Users\limon\AppData\Loca...}, goog:chromeOptions: {debuggerAddress: localhost:65159}, javascriptEnabled: true, networkConnectionEnabled: false, pageLoadStrategy: normal, platform: WINDOWS, platformName: WINDOWS, proxy: Proxy(), setWindowRect: true, strictFileInteractability: false, timeouts: {implicit: 0, pageLoad: 300000, script: 30000}, unhandledPromptBehavior: dismiss and notify, webauthn:extension:credBlob: true, webauthn:extension:largeBlob: true, webauthn:virtualAuthenticators: true}
      Session ID: a105cef922a87c0d2ffb7263a5e4346b
      *** Element info: {Using=xpath, value=//option[contains(text(),'Books3434')]}
      	at sun.reflect.NativeConstructorAccessorImpl.newInstance0(Native Method)
      	at sun.reflect.NativeConstructorAccessorImpl.newInstance(NativeConstructorAccessorImpl.java:62)
      	at sun.reflect.DelegatingConstructorAccessorImpl.newInstance(DelegatingConstructorAccessorImpl.java:45)
      	at java.lang.reflect.Constructor.newInstance(Constructor.java:423)
      	at org.openqa.selenium.remote.http.W3CHttpResponseCodec.createException(W3CHttpResponseCodec.java:187)
      	at org.openqa.selenium.remote.http.W3CHttpResponseCodec.decode(W3CHttpResponseCodec.java:122)
      	at org.openqa.selenium.remote.http.W3CHttpResponseCodec.decode(W3CHttpResponseCodec.java:49)
      	at org.openqa.selenium.remote.HttpCommandExecutor.execute(HttpCommandExecutor.java:158)
      	at org.openqa.selenium.remote.service.DriverCommandExecutor.execute(DriverCommandExecutor.java:83)
      	at org.openqa.selenium.remote.RemoteWebDriver.execute(RemoteWebDriver.java:543)
      	at org.openqa.selenium.remote.RemoteWebDriver.findElement(RemoteWebDriver.java:317)
      	at org.openqa.selenium.remote.RemoteWebDriver.findElementByXPath(RemoteWebDriver.java:419)
      	at org.openqa.selenium.By$ByXPath.findElement(By.java:353)
      	at org.openqa.selenium.remote.RemoteWebDriver.findElement(RemoteWebDriver.java:309)
      	at org.openqa.selenium.support.pagefactory.DefaultElementLocator.findElement(DefaultElementLocator.java:69)
      	at org.openqa.selenium.support.pagefactory.internal.LocatingElementHandler.invoke(LocatingElementHandler.java:38)
      	at com.sun.proxy.$Proxy18.click(Unknown Source)
      	at upskill.ebay.pageAction.EbayHomePageActions.searchBooks(EbayHomePageActions.java:46)
      	at upskill.ebay.stepDef.EbayHomePageSteps.select_Books_Magazines_from_All_Categories(EbayHomePageSteps.java:30)
      	at ?.And Select Books & Magazines from All Categories(EbaySearchByCategories.feature:7)

    Then Item list should have only Books & Magazines # EbaySearchResultSteps.item_list_should_have_only_Books_Magazines()
]]></system-out>
    <system-err><![CDATA[Starting ChromeDriver 107.0.5304.62 (1eec40d3a5764881c92085aaee66d25075c159aa-refs/branch-heads/5304@{#942}) on port 25507
Only local connections are allowed.
Please see https://chromedriver.chromium.org/security-considerations for suggestions on keeping ChromeDriver safe.
ChromeDriver was started successfully.
Nov 13, 2022 3:50:00 AM org.openqa.selenium.remote.ProtocolHandshake createSession
INFO: Detected dialect: W3C
[1668329403.187][SEVERE]: Unable to receive message from renderer
]]></system-err>
  </testcase>
  <testcase name="feature" classname="upskill.runners.RunnerClass" time="16.878"/>
  <testcase name="feature" classname="upskill.runners.RunnerClass" time="42.581"/>
  <testcase name="feature" classname="upskill.runners.RunnerClass" time="45.205"/>
  <testcase name="feature" classname="upskill.runners.RunnerClass" time="5.221">
    <failure message="org.openqa.selenium.NoSuchElementException: no such element: Unable to locate element: {&quot;method&quot;:&quot;link text&quot;,&quot;selector&quot;:&quot;Electronics44444&quot;}&#10;  (Session info: chrome=107.0.5304.107)&#10;For documentation on this error, please visit: http://seleniumhq.org/exceptions/no_such_element.html&#10;Build info: version: &apos;3.12.0&apos;, revision: &apos;7c6e0b3&apos;, time: &apos;2018-05-08T14:04:26.12Z&apos;&#10;System info: host: &apos;LENOVO-PC&apos;, ip: &apos;192.168.1.185&apos;, os.name: &apos;Windows 10&apos;, os.arch: &apos;amd64&apos;, os.version: &apos;10.0&apos;, java.version: &apos;1.8.0_101&apos;&#10;Driver info: org.openqa.selenium.chrome.ChromeDriver&#10;Capabilities {acceptInsecureCerts: false, browserName: chrome, browserVersion: 107.0.5304.107, chrome: {chromedriverVersion: 107.0.5304.62 (1eec40d3a576..., userDataDir: C:\Users\limon\AppData\Loca...}, goog:chromeOptions: {debuggerAddress: localhost:49172}, javascriptEnabled: true, networkConnectionEnabled: false, pageLoadStrategy: normal, platform: WINDOWS, platformName: WINDOWS, proxy: Proxy(), setWindowRect: true, strictFileInteractability: false, timeouts: {implicit: 0, pageLoad: 300000, script: 30000}, unhandledPromptBehavior: dismiss and notify, webauthn:extension:credBlob: true, webauthn:extension:largeBlob: true, webauthn:virtualAuthenticators: true}&#10;Session ID: 5e238021e077c3a72f12a6d358dfdf1a&#10;*** Element info: {Using=link text, value=Electronics44444}" type="cucumber.runtime.CucumberException">cucumber.runtime.CucumberException: 
org.openqa.selenium.NoSuchElementException: no such element: Unable to locate element: {"method":"link text","selector":"Electronics44444"}
  (Session info: chrome=107.0.5304.107)
For documentation on this error, please visit: http://seleniumhq.org/exceptions/no_such_element.html
Build info: version: '3.12.0', revision: '7c6e0b3', time: '2018-05-08T14:04:26.12Z'
System info: host: 'LENOVO-PC', ip: '192.168.1.185', os.name: 'Windows 10', os.arch: 'amd64', os.version: '10.0', java.version: '1.8.0_101'
Driver info: org.openqa.selenium.chrome.ChromeDriver
Capabilities {acceptInsecureCerts: false, browserName: chrome, browserVersion: 107.0.5304.107, chrome: {chromedriverVersion: 107.0.5304.62 (1eec40d3a576..., userDataDir: C:\Users\limon\AppData\Loca...}, goog:chromeOptions: {debuggerAddress: localhost:49172}, javascriptEnabled: true, networkConnectionEnabled: false, pageLoadStrategy: normal, platform: WINDOWS, platformName: WINDOWS, proxy: Proxy(), setWindowRect: true, strictFileInteractability: false, timeouts: {implicit: 0, pageLoad: 300000, script: 30000}, unhandledPromptBehavior: dismiss and notify, webauthn:extension:credBlob: true, webauthn:extension:largeBlob: true, webauthn:virtualAuthenticators: true}
Session ID: 5e238021e077c3a72f12a6d358dfdf1a
*** Element info: {Using=link text, value=Electronics44444}
Caused by: org.openqa.selenium.NoSuchElementException: 
no such element: Unable to locate element: {"method":"link text","selector":"Electronics44444"}
  (Session info: chrome=107.0.5304.107)
For documentation on this error, please visit: http://seleniumhq.org/exceptions/no_such_element.html
Build info: version: '3.12.0', revision: '7c6e0b3', time: '2018-05-08T14:04:26.12Z'
System info: host: 'LENOVO-PC', ip: '192.168.1.185', os.name: 'Windows 10', os.arch: 'amd64', os.version: '10.0', java.version: '1.8.0_101'
Driver info: org.openqa.selenium.chrome.ChromeDriver
Capabilities {acceptInsecureCerts: false, browserName: chrome, browserVersion: 107.0.5304.107, chrome: {chromedriverVersion: 107.0.5304.62 (1eec40d3a576..., userDataDir: C:\Users\limon\AppData\Loca...}, goog:chromeOptions: {debuggerAddress: localhost:49172}, javascriptEnabled: true, networkConnectionEnabled: false, pageLoadStrategy: normal, platform: WINDOWS, platformName: WINDOWS, proxy: Proxy(), setWindowRect: true, strictFileInteractability: false, timeouts: {implicit: 0, pageLoad: 300000, script: 30000}, unhandledPromptBehavior: dismiss and notify, webauthn:extension:credBlob: true, webauthn:extension:largeBlob: true, webauthn:virtualAuthenticators: true}
Session ID: 5e238021e077c3a72f12a6d358dfdf1a
*** Element info: {Using=link text, value=Electronics44444}
</failure>
    <system-out><![CDATA[@regression @smoke @E2E
Feature: Ebay view all Electronic products
--->>>> Initializing Driver....
Test Scenario Name : View Electronics
 ------Test Complete, Browser Closed 

  Scenario: View Electronics                                     # EbayViewElectronics.feature:4
    Given Open Ebay Homepage                                     # EbayHomePageSteps.open_Ebay_Homepage()
    When click on electronics                                    # EbayHomePageSteps.click_on_electronics()
      org.openqa.selenium.NoSuchElementException: no such element: Unable to locate element: {"method":"link text","selector":"Electronics44444"}
        (Session info: chrome=107.0.5304.107)
      For documentation on this error, please visit: http://seleniumhq.org/exceptions/no_such_element.html
      Build info: version: '3.12.0', revision: '7c6e0b3', time: '2018-05-08T14:04:26.12Z'
      System info: host: 'LENOVO-PC', ip: '192.168.1.185', os.name: 'Windows 10', os.arch: 'amd64', os.version: '10.0', java.version: '1.8.0_101'
      Driver info: org.openqa.selenium.chrome.ChromeDriver
      Capabilities {acceptInsecureCerts: false, browserName: chrome, browserVersion: 107.0.5304.107, chrome: {chromedriverVersion: 107.0.5304.62 (1eec40d3a576..., userDataDir: C:\Users\limon\AppData\Loca...}, goog:chromeOptions: {debuggerAddress: localhost:49172}, javascriptEnabled: true, networkConnectionEnabled: false, pageLoadStrategy: normal, platform: WINDOWS, platformName: WINDOWS, proxy: Proxy(), setWindowRect: true, strictFileInteractability: false, timeouts: {implicit: 0, pageLoad: 300000, script: 30000}, unhandledPromptBehavior: dismiss and notify, webauthn:extension:credBlob: true, webauthn:extension:largeBlob: true, webauthn:virtualAuthenticators: true}
      Session ID: 5e238021e077c3a72f12a6d358dfdf1a
      *** Element info: {Using=link text, value=Electronics44444}
      	at sun.reflect.NativeConstructorAccessorImpl.newInstance0(Native Method)
      	at sun.reflect.NativeConstructorAccessorImpl.newInstance(NativeConstructorAccessorImpl.java:62)
      	at sun.reflect.DelegatingConstructorAccessorImpl.newInstance(DelegatingConstructorAccessorImpl.java:45)
      	at java.lang.reflect.Constructor.newInstance(Constructor.java:423)
      	at org.openqa.selenium.remote.http.W3CHttpResponseCodec.createException(W3CHttpResponseCodec.java:187)
      	at org.openqa.selenium.remote.http.W3CHttpResponseCodec.decode(W3CHttpResponseCodec.java:122)
      	at org.openqa.selenium.remote.http.W3CHttpResponseCodec.decode(W3CHttpResponseCodec.java:49)
      	at org.openqa.selenium.remote.HttpCommandExecutor.execute(HttpCommandExecutor.java:158)
      	at org.openqa.selenium.remote.service.DriverCommandExecutor.execute(DriverCommandExecutor.java:83)
      	at org.openqa.selenium.remote.RemoteWebDriver.execute(RemoteWebDriver.java:543)
      	at org.openqa.selenium.remote.RemoteWebDriver.findElement(RemoteWebDriver.java:317)
      	at org.openqa.selenium.remote.RemoteWebDriver.findElementByLinkText(RemoteWebDriver.java:371)
      	at org.openqa.selenium.By$ByLinkText.findElement(By.java:220)
      	at org.openqa.selenium.remote.RemoteWebDriver.findElement(RemoteWebDriver.java:309)
      	at org.openqa.selenium.support.pagefactory.DefaultElementLocator.findElement(DefaultElementLocator.java:69)
      	at org.openqa.selenium.support.pagefactory.internal.LocatingElementHandler.invoke(LocatingElementHandler.java:38)
      	at com.sun.proxy.$Proxy18.click(Unknown Source)
      	at upskill.ebay.pageAction.EbayHomePageActions.searchElectronics(EbayHomePageActions.java:51)
      	at upskill.ebay.stepDef.EbayHomePageSteps.click_on_electronics(EbayHomePageSteps.java:35)
      	at ?.When click on electronics(EbayViewElectronics.feature:6)

    Then Item list should have only electronics related products # EbayElectronicPageSteps.item_list_should_have_only_electronics_related_products()
]]></system-out>
    <system-err><![CDATA[Starting ChromeDriver 107.0.5304.62 (1eec40d3a5764881c92085aaee66d25075c159aa-refs/branch-heads/5304@{#942}) on port 45156
Only local connections are allowed.
Please see https://chromedriver.chromium.org/security-considerations for suggestions on keeping ChromeDriver safe.
ChromeDriver was started successfully.
Nov 13, 2022 3:51:49 AM org.openqa.selenium.remote.ProtocolHandshake createSession
INFO: Detected dialect: W3C
]]></system-err>
  </testcase>
  <testcase name="feature" classname="upskill.runners.RunnerClass" time="28.716"/>
  <testcase name="feature" classname="upskill.runners.RunnerClass" time="10.664"/>
  <testcase name="feature" classname="upskill.runners.RunnerClass" time="58.581"/>
</testsuite>