<?xml version="1.0" encoding="UTF-8"?>
<testng-results skipped="0" failed="0" total="1" passed="1">
  <reporter-output>
  </reporter-output>
  <suite name="Default suite" duration-ms="3150" started-at="2022-11-08T08:30:39Z" finished-at="2022-11-08T08:30:42Z">
    <groups>
    </groups>
    <test name="Default test" duration-ms="3150" started-at="2022-11-08T08:30:39Z" finished-at="2022-11-08T08:30:42Z">
      <class name="upskill.api.restAssured.EmployeeRestAssuredActions">
        <test-method status="PASS" signature="getEmployeeDataById()[pri:0, instance:upskill.api.restAssured.EmployeeRestAssuredActions@3d24753a]" name="getEmployeeDataById" duration-ms="3135" started-at="2022-11-08T03:30:39Z" finished-at="2022-11-08T03:30:42Z">
          <reporter-output>
          </reporter-output>
        </test-method> <!-- getEmployeeDataById -->
      </class> <!-- upskill.api.restAssured.EmployeeRestAssuredActions -->
    </test> <!-- Default test -->
  </suite> <!-- Default suite -->
</testng-results>
